CRITICAL - 2020-08-05 22:23:34 --> file_get_contents(): Filename cannot be empty
#0 [internal function]: CodeIgniter\Debug\Exceptions->errorHandler(2, 'file_get_conten...', 'C:\\laragon\\www\\...', 32, Array)
#1 C:\laragon\www\lpzion\app\Controllers\Home.php(32): file_get_contents('')
#2 [internal function]: App\Controllers\Home->App\Controllers\{closure}(Array)
#3 C:\laragon\www\lpzion\app\Controllers\Home.php(39): array_map(Object(Closure), Array)
#4 C:\laragon\www\lpzion\vendor\codeigniter4\framework\system\CodeIgniter.php(918): App\Controllers\Home->index()
#5 C:\laragon\www\lpzion\vendor\codeigniter4\framework\system\CodeIgniter.php(404): CodeIgniter\CodeIgniter->runController(Object(App\Controllers\Home))
#6 C:\laragon\www\lpzion\vendor\codeigniter4\framework\system\CodeIgniter.php(312): CodeIgniter\CodeIgniter->handleRequest(NULL, Object(Config\Cache), false)
#7 C:\laragon\www\lpzion\public\index.php(45): CodeIgniter\CodeIgniter->run()
#8 {main}
CRITICAL - 2020-08-05 22:24:15 --> The current node list is empty.
#0 C:\laragon\www\lpzion\app\Controllers\Home.php(35): Symfony\Component\DomCrawler\Crawler->html()
#1 [internal function]: App\Controllers\Home->App\Controllers\{closure}(Array)
#2 C:\laragon\www\lpzion\app\Controllers\Home.php(41): array_map(Object(Closure), Array)
#3 C:\laragon\www\lpzion\vendor\codeigniter4\framework\system\CodeIgniter.php(918): App\Controllers\Home->index()
#4 C:\laragon\www\lpzion\vendor\codeigniter4\framework\system\CodeIgniter.php(404): CodeIgniter\CodeIgniter->runController(Object(App\Controllers\Home))
#5 C:\laragon\www\lpzion\vendor\codeigniter4\framework\system\CodeIgniter.php(312): CodeIgniter\CodeIgniter->handleRequest(NULL, Object(Config\Cache), false)
#6 C:\laragon\www\lpzion\public\index.php(45): CodeIgniter\CodeIgniter->run()
#7 {main}
CRITICAL - 2020-08-05 22:25:53 --> Constant CI_DEBUG already defined
#0 [internal function]: CodeIgniter\Debug\Exceptions->errorHandler(8, 'Constant CI_DEB...', 'C:\\laragon\\www\\...', 8, Array)
#1 C:\laragon\www\lpzion\app\Controllers\Home.php(8): define('CI_DEBUG', 1)
#2 C:\laragon\www\lpzion\vendor\codeigniter4\framework\system\CodeIgniter.php(918): App\Controllers\Home->index()
#3 C:\laragon\www\lpzion\vendor\codeigniter4\framework\system\CodeIgniter.php(404): CodeIgniter\CodeIgniter->runController(Object(App\Controllers\Home))
#4 C:\laragon\www\lpzion\vendor\codeigniter4\framework\system\CodeIgniter.php(312): CodeIgniter\CodeIgniter->handleRequest(NULL, Object(Config\Cache), false)
#5 C:\laragon\www\lpzion\public\index.php(45): CodeIgniter\CodeIgniter->run()
#6 {main}
CRITICAL - 2020-08-05 22:29:16 --> The current node list is empty.
#0 C:\laragon\www\lpzion\app\Controllers\Home.php(38): Symfony\Component\DomCrawler\Crawler->html()
#1 [internal function]: App\Controllers\Home->App\Controllers\{closure}(Array)
#2 C:\laragon\www\lpzion\app\Controllers\Home.php(42): array_map(Object(Closure), Array)
#3 C:\laragon\www\lpzion\vendor\codeigniter4\framework\system\CodeIgniter.php(918): App\Controllers\Home->index()
#4 C:\laragon\www\lpzion\vendor\codeigniter4\framework\system\CodeIgniter.php(404): CodeIgniter\CodeIgniter->runController(Object(App\Controllers\Home))
#5 C:\laragon\www\lpzion\vendor\codeigniter4\framework\system\CodeIgniter.php(312): CodeIgniter\CodeIgniter->handleRequest(NULL, Object(Config\Cache), false)
#6 C:\laragon\www\lpzion\public\index.php(45): CodeIgniter\CodeIgniter->run()
#7 {main}
CRITICAL - 2020-08-05 22:47:15 --> syntax error, unexpected 'break' (T_BREAK)
#0 C:\laragon\www\lpzion\vendor\codeigniter4\framework\system\Autoloader\Autoloader.php(296): CodeIgniter\Autoloader\Autoloader->requireFile('C:\\laragon\\www\\...')
#1 C:\laragon\www\lpzion\vendor\codeigniter4\framework\system\Autoloader\Autoloader.php(258): CodeIgniter\Autoloader\Autoloader->loadInNamespace('App\\Controllers...')
#2 [internal function]: CodeIgniter\Autoloader\Autoloader->loadClass('App\\Controllers...')
#3 [internal function]: spl_autoload_call('App\\Controllers...')
#4 C:\laragon\www\lpzion\vendor\codeigniter4\framework\system\CodeIgniter.php(869): class_exists('\\App\\Controller...', true)
#5 C:\laragon\www\lpzion\vendor\codeigniter4\framework\system\CodeIgniter.php(394): CodeIgniter\CodeIgniter->startController()
#6 C:\laragon\www\lpzion\vendor\codeigniter4\framework\system\CodeIgniter.php(312): CodeIgniter\CodeIgniter->handleRequest(NULL, Object(Config\Cache), false)
#7 C:\laragon\www\lpzion\public\index.php(45): CodeIgniter\CodeIgniter->run()
#8 {main}
